<?xml version="1.0" encoding="UTF-8"?>
<testng-results ignored="0" total="2" passed="2" failed="0" skipped="0">
  <reporter-output>
  </reporter-output>
  <suite started-at="2023-02-20T20:54:29 GMT" name="Suite" finished-at="2023-02-20T20:55:21 GMT" duration-ms="51785">
    <groups>
    </groups>
    <test started-at="2023-02-20T20:54:29 GMT" name="Test" finished-at="2023-02-20T20:55:21 GMT" duration-ms="51785">
      <class name="Test.LoginTest">
        <test-method is-config="true" signature="setup()[pri:0, instance:Test.LoginTest@67a20f67]" started-at="2023-02-20T20:54:29 GMT" name="setup" finished-at="2023-02-20T20:54:33 GMT" duration-ms="3684" status="PASS">
          <reporter-output>
          </reporter-output>
        </test-method> <!-- setup -->
        <test-method is-config="true" signature="beforeMethod(java.lang.reflect.Method)[pri:0, instance:Test.LoginTest@67a20f67]" started-at="2023-02-20T20:54:33 GMT" name="beforeMethod" finished-at="2023-02-20T20:54:33 GMT" duration-ms="12" status="PASS">
          <params>
            <param index="0">
              <value>
                <![CDATA[public void Test.LoginTest.InvalidLoginTest()]]>
              </value>
            </param>
          </params>
          <reporter-output>
          </reporter-output>
        </test-method> <!-- beforeMethod -->
        <test-method signature="InvalidLoginTest()[pri:0, instance:Test.LoginTest@67a20f67]" started-at="2023-02-20T20:54:33 GMT" name="InvalidLoginTest" finished-at="2023-02-20T20:55:17 GMT" duration-ms="43959" status="PASS">
          <reporter-output>
          </reporter-output>
        </test-method> <!-- InvalidLoginTest -->
        <test-method is-config="true" signature="status(org.testng.ITestResult)[pri:0, instance:Test.LoginTest@67a20f67]" started-at="2023-02-20T20:55:17 GMT" name="status" finished-at="2023-02-20T20:55:17 GMT" duration-ms="8" status="PASS">
          <params>
            <param index="0">
              <value>
                <![CDATA[[TestResult name=InvalidLoginTest status=SUCCESS method=LoginTest.InvalidLoginTest()[pri:0, instance:Test.LoginTest@67a20f67] output={null}]]]>
              </value>
            </param>
          </params>
          <reporter-output>
          </reporter-output>
        </test-method> <!-- status -->
        <test-method is-config="true" signature="beforeMethod(java.lang.reflect.Method)[pri:0, instance:Test.LoginTest@67a20f67]" started-at="2023-02-20T20:55:17 GMT" name="beforeMethod" finished-at="2023-02-20T20:55:17 GMT" duration-ms="1" status="PASS">
          <params>
            <param index="0">
              <value>
                <![CDATA[public void Test.LoginTest.ValidLoginTest()]]>
              </value>
            </param>
          </params>
          <reporter-output>
          </reporter-output>
        </test-method> <!-- beforeMethod -->
        <test-method signature="ValidLoginTest()[pri:0, instance:Test.LoginTest@67a20f67]" started-at="2023-02-20T20:55:17 GMT" name="ValidLoginTest" finished-at="2023-02-20T20:55:21 GMT" duration-ms="4061" status="PASS">
          <reporter-output>
          </reporter-output>
        </test-method> <!-- ValidLoginTest -->
        <test-method is-config="true" signature="status(org.testng.ITestResult)[pri:0, instance:Test.LoginTest@67a20f67]" started-at="2023-02-20T20:55:21 GMT" name="status" finished-at="2023-02-20T20:55:21 GMT" duration-ms="0" status="PASS">
          <params>
            <param index="0">
              <value>
                <![CDATA[[TestResult name=ValidLoginTest status=SUCCESS method=LoginTest.ValidLoginTest()[pri:0, instance:Test.LoginTest@67a20f67] output={null}]]]>
              </value>
            </param>
          </params>
          <reporter-output>
          </reporter-output>
        </test-method> <!-- status -->
        <test-method is-config="true" signature="teardown()[pri:0, instance:Test.LoginTest@67a20f67]" started-at="2023-02-20T20:55:21 GMT" name="teardown" finished-at="2023-02-20T20:55:22 GMT" duration-ms="826" status="PASS">
          <reporter-output>
          </reporter-output>
        </test-method> <!-- teardown -->
      </class> <!-- Test.LoginTest -->
    </test> <!-- Test -->
  </suite> <!-- Suite -->
</testng-results>
